  Animation.cpp
d:\project year 1\beyondmirror\beyondmirror\animation.cpp(11): warning C4244: '=': conversion from 'float' to 'T', possible loss of data
          with
          [
              T=int
          ]
d:\project year 1\beyondmirror\beyondmirror\animation.cpp(12): warning C4244: '=': conversion from 'float' to 'T', possible loss of data
          with
          [
              T=int
          ]
  BossBatttle.cpp
d:\project year 1\beyondmirror\beyondmirror\bossbatttle.cpp(32): warning C4244: 'argument': conversion from 'int' to 'float', possible loss of data
d:\project year 1\beyondmirror\beyondmirror\bossbatttle.cpp(51): warning C4244: 'argument': conversion from 'int' to 'float', possible loss of data
d:\project year 1\beyondmirror\beyondmirror\bossbatttle.cpp(57): warning C4244: 'argument': conversion from 'int' to 'float', possible loss of data
d:\project year 1\beyondmirror\beyondmirror\bossbatttle.cpp(148): warning C4244: 'argument': conversion from 'time_t' to 'unsigned int', possible loss of data
d:\project year 1\beyondmirror\beyondmirror\bossbatttle.cpp(178): warning C4244: 'argument': conversion from 'int' to 'float', possible loss of data
d:\project year 1\beyondmirror\beyondmirror\bossbatttle.cpp(247): warning C4244: 'argument': conversion from 'time_t' to 'unsigned int', possible loss of data
d:\project year 1\beyondmirror\beyondmirror\bossbatttle.cpp(438): warning C4552: '!=': result of expression not used
d:\project year 1\beyondmirror\beyondmirror\bossbatttle.cpp(446): warning C4244: 'argument': conversion from 'int' to 'float', possible loss of data
d:\project year 1\beyondmirror\beyondmirror\bossbatttle.cpp(496): warning C4244: 'argument': conversion from 'int' to 'float', possible loss of data
d:\project year 1\beyondmirror\beyondmirror\bossbatttle.cpp(653): warning C4244: '=': conversion from 'float' to 'int', possible loss of data
d:\project year 1\beyondmirror\beyondmirror\bossbatttle.cpp(709): warning C4244: 'argument': conversion from 'time_t' to 'unsigned int', possible loss of data
d:\project year 1\beyondmirror\beyondmirror\bossbatttle.cpp(711): warning C4244: 'initializing': conversion from 'int' to 'float', possible loss of data
d:\project year 1\beyondmirror\beyondmirror\bossbatttle.cpp(712): warning C4244: 'initializing': conversion from 'float' to 'int', possible loss of data
  BossType.cpp
d:\project year 1\beyondmirror\beyondmirror\bosstype.cpp(45): warning C4244: 'argument': conversion from 'time_t' to 'unsigned int', possible loss of data
d:\project year 1\beyondmirror\beyondmirror\bosstype.cpp(304): warning C4244: 'argument': conversion from 'int' to 'float', possible loss of data
d:\project year 1\beyondmirror\beyondmirror\bosstype.cpp(329): warning C4244: 'argument': conversion from 'int' to 'float', possible loss of data
d:\project year 1\beyondmirror\beyondmirror\bosstype.cpp(377): warning C4244: 'argument': conversion from 'time_t' to 'unsigned int', possible loss of data
d:\project year 1\beyondmirror\beyondmirror\bosstype.cpp(379): warning C4244: 'initializing': conversion from 'int' to 'float', possible loss of data
d:\project year 1\beyondmirror\beyondmirror\bosstype.cpp(380): warning C4244: 'initializing': conversion from 'float' to 'int', possible loss of data
  collider.cpp
  FinalPlayer.cpp
d:\project year 1\beyondmirror\beyondmirror\finalplayer.cpp(244): warning C4244: 'argument': conversion from 'int' to 'float', possible loss of data
  main.cpp
  map01.cpp
d:\project year 1\beyondmirror\beyondmirror\map01.cpp(22): warning C4244: 'argument': conversion from 'int' to 'float', possible loss of data
d:\project year 1\beyondmirror\beyondmirror\map01.cpp(37): warning C4244: 'argument': conversion from 'int' to 'float', possible loss of data
  map02.cpp
d:\project year 1\beyondmirror\beyondmirror\map02.cpp(33): warning C4244: 'argument': conversion from 'int' to 'float', possible loss of data
d:\project year 1\beyondmirror\beyondmirror\map02.cpp(39): warning C4244: 'argument': conversion from 'int' to 'float', possible loss of data
d:\project year 1\beyondmirror\beyondmirror\map02.cpp(59): warning C4244: 'argument': conversion from 'int' to 'float', possible loss of data
d:\project year 1\beyondmirror\beyondmirror\map02.cpp(65): warning C4244: 'argument': conversion from 'int' to 'float', possible loss of data
d:\project year 1\beyondmirror\beyondmirror\map02.cpp(235): warning C4244: 'argument': conversion from 'time_t' to 'unsigned int', possible loss of data
d:\project year 1\beyondmirror\beyondmirror\map02.cpp(274): warning C4244: 'argument': conversion from 'int' to 'float', possible loss of data
d:\project year 1\beyondmirror\beyondmirror\map02.cpp(280): warning C4244: 'argument': conversion from 'int' to 'float', possible loss of data
d:\project year 1\beyondmirror\beyondmirror\map02.cpp(871): warning C4244: '=': conversion from 'float' to 'int', possible loss of data
d:\project year 1\beyondmirror\beyondmirror\map02.cpp(891): warning C4244: 'argument': conversion from 'time_t' to 'unsigned int', possible loss of data
d:\project year 1\beyondmirror\beyondmirror\map02.cpp(893): warning C4244: 'initializing': conversion from 'int' to 'float', possible loss of data
d:\project year 1\beyondmirror\beyondmirror\map02.cpp(894): warning C4244: 'initializing': conversion from 'float' to 'int', possible loss of data
  map03.cpp
d:\project year 1\beyondmirror\beyondmirror\map03.cpp(33): warning C4244: 'argument': conversion from 'int' to 'float', possible loss of data
d:\project year 1\beyondmirror\beyondmirror\map03.cpp(39): warning C4244: 'argument': conversion from 'int' to 'float', possible loss of data
d:\project year 1\beyondmirror\beyondmirror\map03.cpp(59): warning C4244: 'argument': conversion from 'int' to 'float', possible loss of data
d:\project year 1\beyondmirror\beyondmirror\map03.cpp(65): warning C4244: 'argument': conversion from 'int' to 'float', possible loss of data
d:\project year 1\beyondmirror\beyondmirror\map03.cpp(174): warning C4244: 'argument': conversion from 'time_t' to 'unsigned int', possible loss of data
d:\project year 1\beyondmirror\beyondmirror\map03.cpp(213): warning C4244: 'argument': conversion from 'int' to 'float', possible loss of data
d:\project year 1\beyondmirror\beyondmirror\map03.cpp(219): warning C4244: 'argument': conversion from 'int' to 'float', possible loss of data
d:\project year 1\beyondmirror\beyondmirror\map03.cpp(641): warning C4244: '=': conversion from 'float' to 'int', possible loss of data
d:\project year 1\beyondmirror\beyondmirror\map03.cpp(660): warning C4244: 'argument': conversion from 'time_t' to 'unsigned int', possible loss of data
d:\project year 1\beyondmirror\beyondmirror\map03.cpp(662): warning C4244: 'initializing': conversion from 'int' to 'float', possible loss of data
d:\project year 1\beyondmirror\beyondmirror\map03.cpp(663): warning C4244: 'initializing': conversion from 'float' to 'int', possible loss of data
  MedicDisplay.cpp
  Menu.cpp
  Monster.cpp
d:\project year 1\beyondmirror\beyondmirror\monster.cpp(57): warning C4244: 'argument': conversion from 'time_t' to 'unsigned int', possible loss of data
d:\project year 1\beyondmirror\beyondmirror\monster.cpp(291): warning C4244: 'argument': conversion from 'int' to 'float', possible loss of data
d:\project year 1\beyondmirror\beyondmirror\monster.cpp(316): warning C4244: 'argument': conversion from 'int' to 'float', possible loss of data
d:\project year 1\beyondmirror\beyondmirror\monster.cpp(364): warning C4244: 'argument': conversion from 'time_t' to 'unsigned int', possible loss of data
d:\project year 1\beyondmirror\beyondmirror\monster.cpp(366): warning C4244: 'initializing': conversion from 'int' to 'float', possible loss of data
d:\project year 1\beyondmirror\beyondmirror\monster.cpp(367): warning C4244: 'initializing': conversion from 'float' to 'int', possible loss of data
  player.cpp
d:\project year 1\beyondmirror\beyondmirror\player.cpp(164): warning C4244: 'argument': conversion from 'int' to 'float', possible loss of data
  WriteData.cpp
  Generating code
  All 435 functions were compiled because no usable IPDB/IOBJ from previous compilation was found.
  Finished generating code
  BeyondMirror.vcxproj -> D:\Project year 1\BeyondMirror\Release\BeyondMirror.exe
