d:\project year 1\beyondmirror\release\beyondmirror.ipdb
d:\project year 1\beyondmirror\release\beyondmirror.iobj
d:\project year 1\beyondmirror\beyondmirror\release\vc141.pdb
d:\project year 1\beyondmirror\beyondmirror\release\writedata.obj
d:\project year 1\beyondmirror\beyondmirror\release\player.obj
d:\project year 1\beyondmirror\beyondmirror\release\monster.obj
d:\project year 1\beyondmirror\beyondmirror\release\menu.obj
d:\project year 1\beyondmirror\beyondmirror\release\medicdisplay.obj
d:\project year 1\beyondmirror\beyondmirror\release\map03.obj
d:\project year 1\beyondmirror\beyondmirror\release\map02.obj
d:\project year 1\beyondmirror\beyondmirror\release\map01.obj
d:\project year 1\beyondmirror\beyondmirror\release\main.obj
d:\project year 1\beyondmirror\beyondmirror\release\finalplayer.obj
d:\project year 1\beyondmirror\beyondmirror\release\collider.obj
d:\project year 1\beyondmirror\beyondmirror\release\bosstype.obj
d:\project year 1\beyondmirror\beyondmirror\release\bossbatttle.obj
d:\project year 1\beyondmirror\beyondmirror\release\animation.obj
d:\project year 1\beyondmirror\release\beyondmirror.exe
d:\project year 1\beyondmirror\release\beyondmirror.pdb
d:\project year 1\beyondmirror\beyondmirror\release\resource.res
d:\project year 1\beyondmirror\beyondmirror\release\beyondmirror.tlog\beyondmirror.write.1u.tlog
d:\project year 1\beyondmirror\beyondmirror\release\beyondmirror.tlog\cl.command.1.tlog
d:\project year 1\beyondmirror\beyondmirror\release\beyondmirror.tlog\cl.read.1.tlog
d:\project year 1\beyondmirror\beyondmirror\release\beyondmirror.tlog\cl.write.1.tlog
d:\project year 1\beyondmirror\beyondmirror\release\beyondmirror.tlog\link.command.1.tlog
d:\project year 1\beyondmirror\beyondmirror\release\beyondmirror.tlog\link.read.1.tlog
d:\project year 1\beyondmirror\beyondmirror\release\beyondmirror.tlog\link.write.1.tlog
d:\project year 1\beyondmirror\beyondmirror\release\beyondmirror.tlog\rc.command.1.tlog
d:\project year 1\beyondmirror\beyondmirror\release\beyondmirror.tlog\rc.read.1.tlog
d:\project year 1\beyondmirror\beyondmirror\release\beyondmirror.tlog\rc.write.1.tlog
