d:\project year 1\beyondmirror\beyondmirror\debug\vc141.pdb
d:\project year 1\beyondmirror\beyondmirror\debug\vc141.idb
d:\project year 1\beyondmirror\beyondmirror\debug\writedata.obj
d:\project year 1\beyondmirror\beyondmirror\debug\player.obj
d:\project year 1\beyondmirror\beyondmirror\debug\monster.obj
d:\project year 1\beyondmirror\beyondmirror\debug\menu.obj
d:\project year 1\beyondmirror\beyondmirror\debug\medicdisplay.obj
d:\project year 1\beyondmirror\beyondmirror\debug\map03.obj
d:\project year 1\beyondmirror\beyondmirror\debug\map02.obj
d:\project year 1\beyondmirror\beyondmirror\debug\map01.obj
d:\project year 1\beyondmirror\beyondmirror\debug\main.obj
d:\project year 1\beyondmirror\beyondmirror\debug\finalplayer.obj
d:\project year 1\beyondmirror\beyondmirror\debug\collider.obj
d:\project year 1\beyondmirror\beyondmirror\debug\bosstype.obj
d:\project year 1\beyondmirror\beyondmirror\debug\bossbatttle.obj
d:\project year 1\beyondmirror\beyondmirror\debug\animation.obj
d:\project year 1\beyondmirror\debug\beyondmirror.ilk
d:\project year 1\beyondmirror\debug\beyondmirror.exe
d:\project year 1\beyondmirror\debug\beyondmirror.pdb
d:\project year 1\beyondmirror\beyondmirror\debug\beyondmirror.tlog\cl.command.1.tlog
d:\project year 1\beyondmirror\beyondmirror\debug\beyondmirror.tlog\cl.read.1.tlog
d:\project year 1\beyondmirror\beyondmirror\debug\beyondmirror.tlog\cl.write.1.tlog
d:\project year 1\beyondmirror\beyondmirror\debug\beyondmirror.tlog\link.command.1.tlog
d:\project year 1\beyondmirror\beyondmirror\debug\beyondmirror.tlog\link.read.1.tlog
d:\project year 1\beyondmirror\beyondmirror\debug\beyondmirror.tlog\link.write.1.tlog
